<?xml version="1.0" encoding="UTF-8"?>
<!-- Generated by org.testng.reporters.JUnitReportReporter -->
<testsuite hostname="RkReddy3" name="orangeHRM.Testcases.LoginpageTest" tests="3" failures="0" timestamp="29 Mar 2020 19:09:22 GMT" time="42.458" errors="0">
  <testcase name="logoTest" time="12.704" classname="orangeHRM.Testcases.LoginpageTest"/>
  <testcase name="loginpageTitleTest" time="13.173" classname="orangeHRM.Testcases.LoginpageTest"/>
  <testcase name="logintest" time="16.581" classname="orangeHRM.Testcases.LoginpageTest"/>
</testsuite> <!-- orangeHRM.Testcases.LoginpageTest -->
