<?xml version="1.0" encoding="UTF-8"?>
<!-- Generated by org.testng.reporters.JUnitReportReporter -->
<testsuite hostname="RkReddy3" name="orangeHRM.Testcases.LoginpageTest" tests="3" failures="0" timestamp="30 Mar 2020 03:14:23 GMT" time="45.345" errors="0">
  <testcase name="logoTest" time="13.528" classname="orangeHRM.Testcases.LoginpageTest"/>
  <testcase name="loginpageTitleTest" time="13.179" classname="orangeHRM.Testcases.LoginpageTest"/>
  <testcase name="logintest" time="18.638" classname="orangeHRM.Testcases.LoginpageTest"/>
</testsuite> <!-- orangeHRM.Testcases.LoginpageTest -->
