<?xml version="1.0" encoding="UTF-8"?>
<!-- Generated by org.testng.reporters.JUnitReportReporter -->
<testsuite hostname="RkReddy3" name="orangeHRM.Testcases.AddemployeeTest" tests="1" failures="0" timestamp="28 Mar 2020 03:22:57 GMT" time="31.392" errors="0">
  <testcase name="Addemployee" time="31.392" classname="orangeHRM.Testcases.AddemployeeTest"/>
</testsuite> <!-- orangeHRM.Testcases.AddemployeeTest -->
