<?xml version="1.0" encoding="UTF-8"?>
<!-- Generated by org.testng.reporters.JUnitReportReporter -->
<testsuite hostname="RkReddy3" name="orangeHRM.Testcases.AddemployeeTest" tests="1" failures="0" timestamp="30 Mar 2020 06:17:19 GMT" time="33.580" errors="0">
  <testcase name="Addemployee" time="33.580" classname="orangeHRM.Testcases.AddemployeeTest"/>
</testsuite> <!-- orangeHRM.Testcases.AddemployeeTest -->
