<?xml version="1.0" encoding="UTF-8"?>
<!-- Generated by org.testng.reporters.JUnitReportReporter -->
<testsuite hostname="RkReddy3" name="orangeHRM.Testcases.LoginpageTest" tests="3" failures="0" timestamp="29 Mar 2020 19:38:26 GMT" time="42.183" errors="0">
  <testcase name="logintest" time="17.513" classname="orangeHRM.Testcases.LoginpageTest"/>
  <testcase name="loginpageTitleTest" time="12.140" classname="orangeHRM.Testcases.LoginpageTest"/>
  <testcase name="logoTest" time="12.530" classname="orangeHRM.Testcases.LoginpageTest"/>
</testsuite> <!-- orangeHRM.Testcases.LoginpageTest -->
