<?xml version="1.0" encoding="UTF-8"?>
<!-- Generated by org.testng.reporters.JUnitReportReporter -->
<testsuite hostname="RkReddy3" name="orangeHRM.Testcases.LoginpageTest" tests="1" failures="0" timestamp="28 Mar 2020 18:01:23 GMT" time="17.612" errors="0">
  <testcase name="logintest" time="17.612" classname="orangeHRM.Testcases.LoginpageTest"/>
</testsuite> <!-- orangeHRM.Testcases.LoginpageTest -->
