<?xml version="1.0" encoding="UTF-8"?>
<!-- Generated by org.testng.reporters.JUnitReportReporter -->
<testsuite hostname="RkReddy3" name="orangeHRM.Testcases.LoginpageTest" tests="3" failures="0" timestamp="25 Mar 2020 09:07:28 GMT" time="44.438" errors="0">
  <testcase name="loginpageTitleTest" time="12.541" classname="orangeHRM.Testcases.LoginpageTest"/>
  <testcase name="logoTest" time="12.714" classname="orangeHRM.Testcases.LoginpageTest"/>
  <testcase name="logintest" time="19.183" classname="orangeHRM.Testcases.LoginpageTest"/>
</testsuite> <!-- orangeHRM.Testcases.LoginpageTest -->
