<?xml version="1.0" encoding="UTF-8"?>
<!-- Generated by org.testng.reporters.JUnitReportReporter -->
<testsuite hostname="RkReddy3" name="orangeHRM.Testcases.Homepagetest" tests="3" failures="0" timestamp="30 Mar 2020 15:54:59 GMT" time="64.471" errors="0">
  <testcase name="verifyPIMtest" time="18.246" classname="orangeHRM.Testcases.Homepagetest"/>
  <testcase name="addemplyclicktest" time="24.837" classname="orangeHRM.Testcases.Homepagetest"/>
  <testcase name="verifyhomepagetittleTest" time="21.388" classname="orangeHRM.Testcases.Homepagetest"/>
</testsuite> <!-- orangeHRM.Testcases.Homepagetest -->
