<?xml version="1.0" encoding="UTF-8"?>
<!-- Generated by org.testng.reporters.JUnitReportReporter -->
<testsuite hostname="RkReddy3" name="orangeHRM.Testcases.Homepagetest" tests="3" failures="0" timestamp="30 Mar 2020 03:14:23 GMT" time="65.445" errors="0">
  <testcase name="addemplyclicktest" time="24.963" classname="orangeHRM.Testcases.Homepagetest"/>
  <testcase name="verifyPIMtest" time="20.051" classname="orangeHRM.Testcases.Homepagetest"/>
  <testcase name="verifyhomepagetittleTest" time="20.431" classname="orangeHRM.Testcases.Homepagetest"/>
</testsuite> <!-- orangeHRM.Testcases.Homepagetest -->
