<?xml version="1.0" encoding="UTF-8"?>
<!-- Generated by org.testng.reporters.JUnitReportReporter -->
<testsuite hostname="RkReddy3" name="orangeHRM.Testcases.Homepagetest" tests="3" failures="0" timestamp="30 Mar 2020 06:17:19 GMT" time="70.632" errors="0">
  <testcase name="verifyPIMtest" time="23.542" classname="orangeHRM.Testcases.Homepagetest"/>
  <testcase name="addemplyclicktest" time="28.819" classname="orangeHRM.Testcases.Homepagetest"/>
  <testcase name="verifyhomepagetittleTest" time="18.271" classname="orangeHRM.Testcases.Homepagetest"/>
</testsuite> <!-- orangeHRM.Testcases.Homepagetest -->
