<?xml version="1.0" encoding="UTF-8"?>
<!-- Generated by org.testng.reporters.JUnitReportReporter -->
<testsuite hostname="RkReddy3" name="orangeHRM.Testcases.LoginpageTest" tests="3" failures="0" timestamp="30 Mar 2020 06:17:19 GMT" time="44.389" errors="0">
  <testcase name="loginpageTitleTest" time="12.547" classname="orangeHRM.Testcases.LoginpageTest"/>
  <testcase name="logintest" time="18.472" classname="orangeHRM.Testcases.LoginpageTest"/>
  <testcase name="logoTest" time="13.370" classname="orangeHRM.Testcases.LoginpageTest"/>
</testsuite> <!-- orangeHRM.Testcases.LoginpageTest -->
