<?xml version="1.0" encoding="UTF-8"?>
<!-- Generated by org.testng.reporters.JUnitReportReporter -->
<testsuite hostname="RkReddy3" name="orangeHRM.Testcases.AddemployeeTest" tests="1" failures="0" timestamp="27 Mar 2020 16:37:46 GMT" time="27.630" errors="0">
  <testcase name="Addemployee" time="27.630" classname="orangeHRM.Testcases.AddemployeeTest"/>
</testsuite> <!-- orangeHRM.Testcases.AddemployeeTest -->
