<?xml version="1.0" encoding="UTF-8"?>
<!-- Generated by org.testng.reporters.JUnitReportReporter -->
<testsuite hostname="RkReddy3" name="orangeHRM.Testcases.Homepagetest" tests="3" failures="0" timestamp="25 Mar 2020 09:52:07 GMT" time="109.743" errors="0">
  <testcase name="verifyhomepagetittleTest" time="41.301" classname="orangeHRM.Testcases.Homepagetest"/>
  <testcase name="addemplyclicktest" time="25.129" classname="orangeHRM.Testcases.Homepagetest"/>
  <testcase name="verifyPIMtest" time="43.313" classname="orangeHRM.Testcases.Homepagetest"/>
</testsuite> <!-- orangeHRM.Testcases.Homepagetest -->
