<?xml version="1.0" encoding="UTF-8"?>
<!-- Generated by org.testng.reporters.JUnitReportReporter -->
<testsuite hostname="RkReddy3" name="orangeHRM.Testcases.Homepagetest" tests="3" failures="0" timestamp="30 Mar 2020 16:16:57 GMT" time="67.049" errors="0">
  <testcase name="addemplyclicktest" time="26.387" classname="orangeHRM.Testcases.Homepagetest"/>
  <testcase name="verifyPIMtest" time="20.968" classname="orangeHRM.Testcases.Homepagetest"/>
  <testcase name="verifyhomepagetittleTest" time="19.694" classname="orangeHRM.Testcases.Homepagetest"/>
</testsuite> <!-- orangeHRM.Testcases.Homepagetest -->
