<?xml version="1.0" encoding="UTF-8"?>
<!-- Generated by org.testng.reporters.JUnitReportReporter -->
<testsuite hostname="RkReddy3" name="orangeHRM.Testcases.Homepagetest" tests="1" failures="0" timestamp="27 Mar 2020 17:40:17 GMT" time="19.236" errors="0">
  <testcase name="verifyhomepagetittleTest" time="19.236" classname="orangeHRM.Testcases.Homepagetest"/>
</testsuite> <!-- orangeHRM.Testcases.Homepagetest -->
