<?xml version="1.0" encoding="UTF-8"?>
<!-- Generated by org.testng.reporters.JUnitReportReporter -->
<testsuite hostname="RkReddy3" name="orangeHRM.Testcases.LoginpageTest" tests="3" failures="0" timestamp="25 Mar 2020 09:52:07 GMT" time="74.736" errors="0">
  <testcase name="loginpageTitleTest" time="16.539" classname="orangeHRM.Testcases.LoginpageTest"/>
  <testcase name="logintest" time="40.805" classname="orangeHRM.Testcases.LoginpageTest"/>
  <testcase name="logoTest" time="17.392" classname="orangeHRM.Testcases.LoginpageTest"/>
</testsuite> <!-- orangeHRM.Testcases.LoginpageTest -->
