<?xml version="1.0" encoding="UTF-8"?>
<!-- Generated by org.testng.reporters.JUnitReportReporter -->
<testsuite hostname="RkReddy3" name="orangeHRM.Testcases.LoginpageTest" tests="1" failures="0" timestamp="28 Mar 2020 03:14:22 GMT" time="19.303" errors="0">
  <testcase name="logintest" time="19.303" classname="orangeHRM.Testcases.LoginpageTest"/>
</testsuite> <!-- orangeHRM.Testcases.LoginpageTest -->
