<?xml version="1.0" encoding="UTF-8"?>
<!-- Generated by org.testng.reporters.JUnitReportReporter -->
<testsuite hostname="RkReddy3" name="orangeHRM.Testcases.Homepagetest" tests="1" failures="0" timestamp="28 Mar 2020 03:14:22 GMT" time="18.628" errors="0">
  <testcase name="verifyhomepagetittleTest" time="18.628" classname="orangeHRM.Testcases.Homepagetest"/>
</testsuite> <!-- orangeHRM.Testcases.Homepagetest -->
