<?xml version="1.0" encoding="UTF-8"?>
<!-- Generated by org.testng.reporters.JUnitReportReporter -->
<testsuite hostname="RkReddy3" name="orangeHRM.Testcases.LoginpageTest" tests="3" failures="0" timestamp="26 Mar 2020 20:30:56 GMT" time="46.077" errors="0">
  <testcase name="loginpageTitleTest" time="14.415" classname="orangeHRM.Testcases.LoginpageTest"/>
  <testcase name="logintest" time="17.580" classname="orangeHRM.Testcases.LoginpageTest"/>
  <testcase name="logoTest" time="14.082" classname="orangeHRM.Testcases.LoginpageTest"/>
</testsuite> <!-- orangeHRM.Testcases.LoginpageTest -->
