<?xml version="1.0" encoding="UTF-8"?>
<!-- Generated by org.testng.reporters.JUnitReportReporter -->
<testsuite hostname="RkReddy3" name="orangeHRM.Testcases.Homepagetest" tests="3" failures="0" timestamp="26 Mar 2020 20:30:56 GMT" time="146.558" errors="0">
  <testcase name="addemplyclicktest" time="61.690" classname="orangeHRM.Testcases.Homepagetest"/>
  <testcase name="verifyhomepagetittleTest" time="40.470" classname="orangeHRM.Testcases.Homepagetest"/>
  <testcase name="verifyPIMtest" time="44.398" classname="orangeHRM.Testcases.Homepagetest"/>
</testsuite> <!-- orangeHRM.Testcases.Homepagetest -->
